Flow report for VendingMachineFPGA
Fri Jun 16 17:07:42 2023
Quartus II 64-Bit Version 13.1.0 Build 162 10/23/2013 SJ Web Edition


---------------------
; Table of Contents ;
---------------------
  1. Legal Notice
  2. Flow Summary
  3. Flow Settings
  4. Flow Non-Default Global Settings
  5. Flow Elapsed Time
  6. Flow OS Summary
  7. Flow Log
  8. Flow Messages
  9. Flow Suppressed Messages



----------------
; Legal Notice ;
----------------
Copyright (C) 1991-2013 Altera Corporation
Your use of Altera Corporation's design tools, logic functions 
and other software and tools, and its AMPP partner logic 
functions, and any output files from any of the foregoing 
(including device programming or simulation files), and any 
associated documentation or information are expressly subject 
to the terms and conditions of the Altera Program License 
Subscription Agreement, Altera MegaCore Function License 
Agreement, or other applicable license agreement, including, 
without limitation, that your use is for the sole purpose of 
programming logic devices manufactured by Altera and sold by 
Altera or its authorized distributors.  Please refer to the 
applicable agreement for further details.



+---------------------------------------------------------------------------------+
; Flow Summary                                                                    ;
+------------------------------------+--------------------------------------------+
; Flow Status                        ; Successful - Fri Jun 16 17:07:42 2023      ;
; Quartus II 64-Bit Version          ; 13.1.0 Build 162 10/23/2013 SJ Web Edition ;
; Revision Name                      ; VendingMachineFPGA                         ;
; Top-level Entity Name              ; Top_Module_Vending_Machine                 ;
; Family                             ; Cyclone IV E                               ;
; Device                             ; EP4CE115F29C7                              ;
; Timing Models                      ; Final                                      ;
; Total logic elements               ; 726 / 114,480 ( < 1 % )                    ;
;     Total combinational functions  ; 720 / 114,480 ( < 1 % )                    ;
;     Dedicated logic registers      ; 132 / 114,480 ( < 1 % )                    ;
; Total registers                    ; 132                                        ;
; Total pins                         ; 51 / 529 ( 10 % )                          ;
; Total virtual pins                 ; 0                                          ;
; Total memory bits                  ; 0 / 3,981,312 ( 0 % )                      ;
; Embedded Multiplier 9-bit elements ; 0 / 532 ( 0 % )                            ;
; Total PLLs                         ; 0 / 4 ( 0 % )                              ;
+------------------------------------+--------------------------------------------+


+-----------------------------------------+
; Flow Settings                           ;
+-------------------+---------------------+
; Option            ; Setting             ;
+-------------------+---------------------+
; Start date & time ; 06/16/2023 17:07:05 ;
; Main task         ; Compilation         ;
; Revision Name     ; VendingMachineFPGA  ;
+-------------------+---------------------+


+------------------------------------------------------------------------------------------------------------------------------------------+
; Flow Non-Default Global Settings                                                                                                         ;
+-------------------------------------+---------------------------------+--------------------+----------------------------+----------------+
; Assignment Name                     ; Value                           ; Default Value      ; Entity Name                ; Section Id     ;
+-------------------------------------+---------------------------------+--------------------+----------------------------+----------------+
; COMPILER_SIGNATURE_ID               ; 203178705303574.168690642416536 ; --                 ; --                         ; --             ;
; EDA_OUTPUT_DATA_FORMAT              ; Verilog Hdl                     ; --                 ; --                         ; eda_simulation ;
; EDA_SIMULATION_TOOL                 ; ModelSim-Altera (Verilog)       ; <None>             ; --                         ; --             ;
; EDA_TIME_SCALE                      ; 1 ps                            ; --                 ; --                         ; eda_simulation ;
; MAX_CORE_JUNCTION_TEMP              ; 85                              ; --                 ; --                         ; --             ;
; MIN_CORE_JUNCTION_TEMP              ; 0                               ; --                 ; --                         ; --             ;
; NOMINAL_CORE_SUPPLY_VOLTAGE         ; 1.2V                            ; --                 ; --                         ; --             ;
; PARTITION_COLOR                     ; 16764057                        ; --                 ; Top_Module_Vending_Machine ; Top            ;
; PARTITION_FITTER_PRESERVATION_LEVEL ; PLACEMENT_AND_ROUTING           ; --                 ; Top_Module_Vending_Machine ; Top            ;
; PARTITION_NETLIST_TYPE              ; SOURCE                          ; --                 ; Top_Module_Vending_Machine ; Top            ;
; PROJECT_OUTPUT_DIRECTORY            ; output_files                    ; --                 ; --                         ; --             ;
; TOP_LEVEL_ENTITY                    ; Top_Module_Vending_Machine      ; VendingMachineFPGA ; --                         ; --             ;
+-------------------------------------+---------------------------------+--------------------+----------------------------+----------------+


+-------------------------------------------------------------------------------------------------------------------------------+
; Flow Elapsed Time                                                                                                             ;
+---------------------------+--------------+-------------------------+---------------------+------------------------------------+
; Module Name               ; Elapsed Time ; Average Processors Used ; Peak Virtual Memory ; Total CPU Time (on all processors) ;
+---------------------------+--------------+-------------------------+---------------------+------------------------------------+
; Analysis & Synthesis      ; 00:00:04     ; 1.0                     ; 4656 MB             ; 00:00:04                           ;
; Fitter                    ; 00:00:16     ; 1.6                     ; 5559 MB             ; 00:00:21                           ;
; Assembler                 ; 00:00:05     ; 1.0                     ; 4614 MB             ; 00:00:05                           ;
; TimeQuest Timing Analyzer ; 00:00:04     ; 1.0                     ; 4734 MB             ; 00:00:03                           ;
; EDA Netlist Writer        ; 00:00:02     ; 1.0                     ; 4577 MB             ; 00:00:02                           ;
; Total                     ; 00:00:31     ; --                      ; --                  ; 00:00:35                           ;
+---------------------------+--------------+-------------------------+---------------------+------------------------------------+


+----------------------------------------------------------------------------------------+
; Flow OS Summary                                                                        ;
+---------------------------+------------------+-----------+------------+----------------+
; Module Name               ; Machine Hostname ; OS Name   ; OS Version ; Processor type ;
+---------------------------+------------------+-----------+------------+----------------+
; Analysis & Synthesis      ; MK4-02           ; Windows 7 ; 6.2        ; x86_64         ;
; Fitter                    ; MK4-02           ; Windows 7 ; 6.2        ; x86_64         ;
; Assembler                 ; MK4-02           ; Windows 7 ; 6.2        ; x86_64         ;
; TimeQuest Timing Analyzer ; MK4-02           ; Windows 7 ; 6.2        ; x86_64         ;
; EDA Netlist Writer        ; MK4-02           ; Windows 7 ; 6.2        ; x86_64         ;
+---------------------------+------------------+-----------+------------+----------------+


------------
; Flow Log ;
------------
quartus_map --read_settings_files=on --write_settings_files=off VendingMachineFPGA -c VendingMachineFPGA
quartus_fit --read_settings_files=off --write_settings_files=off VendingMachineFPGA -c VendingMachineFPGA
quartus_asm --read_settings_files=off --write_settings_files=off VendingMachineFPGA -c VendingMachineFPGA
quartus_sta VendingMachineFPGA -c VendingMachineFPGA
quartus_eda --read_settings_files=off --write_settings_files=off VendingMachineFPGA -c VendingMachineFPGA



